C:\USERS\肖迅东\DESKTOP\PROJECT\ASSEMBLE\ASSEMBLE\DEBUG\源.OBJ
C:\USERS\肖迅东\DESKTOP\PROJECT\ASSEMBLE\ASSEMBLE\DEBUG\VC110.PDB
C:\USERS\肖迅东\DESKTOP\PROJECT\ASSEMBLE\DEBUG\ASSEMBLE.ILK
C:\USERS\肖迅东\DESKTOP\PROJECT\ASSEMBLE\DEBUG\ASSEMBLE.EXE
C:\USERS\肖迅东\DESKTOP\PROJECT\ASSEMBLE\DEBUG\ASSEMBLE.PDB
C:\Users\肖迅东\Desktop\project\Assemble\Assemble\Debug\源.obj
C:\Users\肖迅东\Desktop\project\Assemble\Assemble\Debug\cl.command.1.tlog
C:\Users\肖迅东\Desktop\project\Assemble\Assemble\Debug\CL.read.1.tlog
C:\Users\肖迅东\Desktop\project\Assemble\Assemble\Debug\CL.write.1.tlog
C:\Users\肖迅东\Desktop\project\Assemble\Assemble\Debug\link-cvtres.read.1.tlog
C:\Users\肖迅东\Desktop\project\Assemble\Assemble\Debug\link-cvtres.write.1.tlog
C:\Users\肖迅东\Desktop\project\Assemble\Assemble\Debug\link-rc.read.1.tlog
C:\Users\肖迅东\Desktop\project\Assemble\Assemble\Debug\link-rc.write.1.tlog
C:\Users\肖迅东\Desktop\project\Assemble\Assemble\Debug\link.command.1.tlog
C:\Users\肖迅东\Desktop\project\Assemble\Assemble\Debug\link.read.1.tlog
C:\Users\肖迅东\Desktop\project\Assemble\Assemble\Debug\link.write.1.tlog
C:\Users\肖迅东\Desktop\project\Assemble\Assemble\Debug\vc110.idb
C:\Users\肖迅东\Desktop\project\Assemble\Assemble\Debug\vc110.pdb
C:\Users\肖迅东\Desktop\project\Assemble\Debug\Assemble.pdb
C:\Users\肖迅东\Desktop\project\Assemble\Debug\Assemble.exe
C:\Users\肖迅东\Desktop\project\Assemble\Debug\Assemble.ilk
