生成启动时间为 2017/4/13 13:17:37。
     1>项目“C:\Users\Extra\Desktop\新建文件夹 (2)\VMtranslator\VMtranslator\VMtranslator.vcxproj”在节点 2 上(Build 个目标)。
     1>ClCompile:
         D:\新建文件夹\VC\bin\CL.exe /c /ZI /nologo /W3 /WX- /sdl /Od /Oy- /D WIN32 /D _DEBUG /D _CONSOLE /D _UNICODE /D UNICODE /Gm /EHsc /RTC1 /MDd /GS /fp:precise /Zc:wchar_t /Zc:forScope /Fo"Debug\\" /Fd"Debug\vc110.pdb" /Gd /TP /analyze- /errorReport:prompt VMtranslator.cpp
         VMtranslator.cpp
     1>c:\users\extra\desktop\新建文件夹 (2)\vmtranslator\vmtranslator\vmtranslator.cpp(339): warning C4018: “<”: 有符号/无符号不匹配
     1>c:\users\extra\desktop\新建文件夹 (2)\vmtranslator\vmtranslator\vmtranslator.cpp(353): warning C4018: “<”: 有符号/无符号不匹配
     1>c:\users\extra\desktop\新建文件夹 (2)\vmtranslator\vmtranslator\vmtranslator.cpp(371): warning C4018: “<”: 有符号/无符号不匹配
     1>c:\users\extra\desktop\新建文件夹 (2)\vmtranslator\vmtranslator\vmtranslator.cpp(389): warning C4018: “<”: 有符号/无符号不匹配
     1>c:\users\extra\desktop\新建文件夹 (2)\vmtranslator\vmtranslator\vmtranslator.cpp(407): warning C4018: “<”: 有符号/无符号不匹配
     1>c:\users\extra\desktop\新建文件夹 (2)\vmtranslator\vmtranslator\vmtranslator.cpp(426): warning C4018: “<”: 有符号/无符号不匹配
     1>c:\users\extra\desktop\新建文件夹 (2)\vmtranslator\vmtranslator\vmtranslator.cpp(443): warning C4018: “<”: 有符号/无符号不匹配
     1>c:\users\extra\desktop\新建文件夹 (2)\vmtranslator\vmtranslator\vmtranslator.cpp(457): warning C4018: “<”: 有符号/无符号不匹配
     1>c:\users\extra\desktop\新建文件夹 (2)\vmtranslator\vmtranslator\vmtranslator.cpp(479): warning C4018: “<”: 有符号/无符号不匹配
     1>c:\users\extra\desktop\新建文件夹 (2)\vmtranslator\vmtranslator\vmtranslator.cpp(502): warning C4018: “<”: 有符号/无符号不匹配
     1>c:\users\extra\desktop\新建文件夹 (2)\vmtranslator\vmtranslator\vmtranslator.cpp(525): warning C4018: “<”: 有符号/无符号不匹配
     1>c:\users\extra\desktop\新建文件夹 (2)\vmtranslator\vmtranslator\vmtranslator.cpp(548): warning C4018: “<”: 有符号/无符号不匹配
     1>c:\users\extra\desktop\新建文件夹 (2)\vmtranslator\vmtranslator\vmtranslator.cpp(572): warning C4018: “<”: 有符号/无符号不匹配
     1>c:\users\extra\desktop\新建文件夹 (2)\vmtranslator\vmtranslator\vmtranslator.cpp(592): warning C4018: “<”: 有符号/无符号不匹配
     1>c:\users\extra\desktop\新建文件夹 (2)\vmtranslator\vmtranslator\vmtranslator.cpp(610): warning C4018: “<”: 有符号/无符号不匹配
     1>c:\users\extra\desktop\新建文件夹 (2)\vmtranslator\vmtranslator\vmtranslator.cpp(105): warning C4715: “CommandType”: 不是所有的控件路径都返回值
       Link:
         D:\新建文件夹\VC\bin\link.exe /ERRORREPORT:PROMPT /OUT:"C:\Users\Extra\Desktop\新建文件夹 (2)\VMtranslator\Debug\VMtranslator.exe" /INCREMENTAL /NOLOGO kernel32.lib user32.lib gdi32.lib winspool.lib comdlg32.lib advapi32.lib shell32.lib ole32.lib oleaut32.lib uuid.lib odbc32.lib odbccp32.lib /MANIFEST /MANIFESTUAC:"level='asInvoker' uiAccess='false'" /manifest:embed /DEBUG /PDB:"C:\Users\Extra\Desktop\新建文件夹 (2)\VMtranslator\Debug\VMtranslator.pdb" /SUBSYSTEM:CONSOLE /TLBID:1 /DYNAMICBASE /NXCOMPAT /IMPLIB:"C:\Users\Extra\Desktop\新建文件夹 (2)\VMtranslator\Debug\VMtranslator.lib" /MACHINE:X86 Debug\main.obj
         Debug\VMtranslator.obj
         VMtranslator.vcxproj -> C:\Users\Extra\Desktop\新建文件夹 (2)\VMtranslator\Debug\VMtranslator.exe
     1>已完成生成项目“C:\Users\Extra\Desktop\新建文件夹 (2)\VMtranslator\VMtranslator\VMtranslator.vcxproj”(Build 个目标)的操作。

生成成功。

已用时间 00:00:00.98
